[INFO] Scanning for projects...
[INFO] 
[INFO] --------------------< com.grecale:grecale-backend >---------------------
[INFO] Building grecale-backend 0.0.1-SNAPSHOT
[INFO]   from pom.xml
[INFO] --------------------------------[ jar ]---------------------------------
[INFO] 
[INFO] >>> spring-boot:3.5.3:run (default-cli) > test-compile @ grecale-backend >>>
[INFO] 
[INFO] --- resources:3.3.1:resources (default-resources) @ grecale-backend ---
[INFO] Copying 4 resources from src\main\resources to target\classes
[INFO] Copying 0 resource from src\main\resources to target\classes
[INFO] 
[INFO] --- compiler:3.14.0:compile (default-compile) @ grecale-backend ---
[INFO] Recompiling the module because of changed source code.
[INFO] Compiling 26 source files with javac [debug parameters release 17] to target\classes
[WARNING] /C:/Users/tabbe/OneDrive/Desktop/grecale-backend/src/main/java/com/grecale/grecale_backend/Domain/entities/Item.java:[9,1] Generating equals/hashCode implementation but without a call to superclass, even though this class does not extend java.lang.Object. If this is intentional, add '@EqualsAndHashCode(callSuper=false)' to your type.
[WARNING] /C:/Users/tabbe/OneDrive/Desktop/grecale-backend/src/main/java/com/grecale/grecale_backend/Domain/entities/Category.java:[11,1] Generating equals/hashCode implementation but without a call to superclass, even though this class does not extend java.lang.Object. If this is intentional, add '@EqualsAndHashCode(callSuper=false)' to your type.
[INFO] /C:/Users/tabbe/OneDrive/Desktop/grecale-backend/src/main/java/com/grecale/grecale_backend/Domain/entities/GenericEntity.java: C:\Users\tabbe\OneDrive\Desktop\grecale-backend\src\main\java\com\grecale\grecale_backend\Domain\entities\GenericEntity.java uses or overrides a deprecated API.
[INFO] /C:/Users/tabbe/OneDrive/Desktop/grecale-backend/src/main/java/com/grecale/grecale_backend/Domain/entities/GenericEntity.java: Recompile with -Xlint:deprecation for details.
[INFO] /C:/Users/tabbe/OneDrive/Desktop/grecale-backend/src/main/java/com/grecale/grecale_backend/rest/GenericCrudController.java: Some input files use unchecked or unsafe operations.
[INFO] /C:/Users/tabbe/OneDrive/Desktop/grecale-backend/src/main/java/com/grecale/grecale_backend/rest/GenericCrudController.java: Recompile with -Xlint:unchecked for details.
[INFO] 
[INFO] --- resources:3.3.1:testResources (default-testResources) @ grecale-backend ---
[INFO] skip non existing resourceDirectory C:\Users\tabbe\OneDrive\Desktop\grecale-backend\src\test\resources
[INFO] 
[INFO] --- compiler:3.14.0:testCompile (default-testCompile) @ grecale-backend ---
[INFO] Recompiling the module because of changed dependency.
[INFO] Compiling 1 source file with javac [debug parameters release 17] to target\test-classes
[INFO] 
[INFO] <<< spring-boot:3.5.3:run (default-cli) < test-compile @ grecale-backend <<<
[INFO] 
[INFO] 
[INFO] --- spring-boot:3.5.3:run (default-cli) @ grecale-backend ---
[INFO] Attaching agents: []

  .   ____          _            __ _ _
 /\\ / ___'_ __ _ _(_)_ __  __ _ \ \ \ \
( ( )\___ | '_ | '_| | '_ \/ _` | \ \ \ \
 \\/  ___)| |_)| | | | | || (_| |  ) ) ) )
  '  |____| .__|_| |_|_| |_\__, | / / / /
 =========|_|==============|___/=/_/_/_/

 :: Spring Boot ::                (v3.5.3)

2025-10-03T00:48:17.434+02:00  WARN 19880 --- [           main] JpaBaseConfiguration$JpaWebConfiguration : spring.jpa.open-in-view is enabled by default. Therefore, database queries may be performed during view rendering. Explicitly configure spring.jpa.open-in-view to disable this warning
[INFO] ------------------------------------------------------------------------
[INFO] BUILD SUCCESS
[INFO] ------------------------------------------------------------------------
[INFO] Total time:  01:05 min
[INFO] Finished at: 2025-10-03T00:49:08+02:00
[INFO] ------------------------------------------------------------------------
Terminate batch job (Y/N)? 
